  [4;36;1mSQL (0.4ms)[0m   [0;1mSET client_min_messages TO 'panic'[0m
  [4;35;1mSQL (0.3ms)[0m   [0mSET client_min_messages TO 'notice'[0m
  [4;36;1mSQL (5.2ms)[0m   [0;1mCREATE TABLE "schema_migrations" ("version" character varying(255) NOT NULL) [0m
  [4;35;1mSQL (3.9ms)[0m   [0mCREATE UNIQUE INDEX "unique_schema_migrations" ON "schema_migrations" ("version")[0m
  [4;36;1mSQL (0.8ms)[0m   [0;1mSELECT version FROM schema_migrations[0m
Migrating to CreateProjects (20100915043519)
  [4;35;1mSQL (0.3ms)[0m   [0mBEGIN[0m
  [4;36;1mSQL (8.2ms)[0m   [0;1mCREATE TABLE "projects" ("id" serial primary key, "name" character varying(255), "description" text, "created_at" timestamp, "updated_at" timestamp) [0m
  [4;35;1mSQL (0.8ms)[0m   [0mINSERT INTO schema_migrations (version) VALUES ('20100915043519')[0m
  [4;36;1mSQL (1.7ms)[0m   [0;1mCOMMIT[0m
  [4;35;1mSQL (1.8ms)[0m   [0mSELECT version FROM schema_migrations[0m
  [4;36;1mSQL (0.4ms)[0m   [0;1mSET client_min_messages TO 'panic'[0m
  [4;35;1mSQL (0.5ms)[0m   [0mSET client_min_messages TO 'notice'[0m
  [4;36;1mSQL (0.4ms)[0m   [0;1mBEGIN[0m
  [4;35;1mSQL (2.1ms)[0m   [0mINSERT INTO "projects" ("name", "created_at", "updated_at", "description") VALUES(E'test', '2010-09-15 04:39:44.233006', '2010-09-15 04:39:44.233006', E'blah') RETURNING "id"[0m
  [4;36;1mSQL (1.6ms)[0m   [0;1mCOMMIT[0m
  [4;35;1mSQL (0.6ms)[0m   [0mBEGIN[0m
  [4;36;1mSQL (1.3ms)[0m   [0;1mINSERT INTO "projects" ("name", "created_at", "updated_at", "description") VALUES(E'tes2222t', '2010-09-15 04:39:53.203000', '2010-09-15 04:39:53.203000', E'blaaoeuh') RETURNING "id"[0m
  [4;35;1mSQL (1.4ms)[0m   [0mCOMMIT[0m
  [4;36;1mSQL (0.4ms)[0m   [0;1mSET client_min_messages TO 'panic'[0m
  [4;35;1mSQL (0.6ms)[0m   [0mSET client_min_messages TO 'notice'[0m
  [4;36;1mSQL (0.4ms)[0m   [0;1mSET client_min_messages TO 'panic'[0m
  [4;35;1mSQL (0.5ms)[0m   [0mSET client_min_messages TO 'notice'[0m
  [4;36;1mSQL (0.4ms)[0m   [0;1mSET client_min_messages TO 'panic'[0m
  [4;35;1mSQL (0.6ms)[0m   [0mSET client_min_messages TO 'notice'[0m
  [4;36;1mSQL (1.3ms)[0m   [0;1mSELECT version FROM schema_migrations[0m
Migrating to CreateProjects (20100915043519)
Migrating to CreateTimeBoxes (20100915044229)
  [4;35;1mSQL (0.4ms)[0m   [0mBEGIN[0m
  [4;36;1mSQL (10.4ms)[0m   [0;1mCREATE TABLE "time_boxes" ("id" serial primary key, "name" character varying(255), "highlights" text, "project_id" integer, "created_at" timestamp, "updated_at" timestamp) [0m
  [4;35;1mSQL (0.5ms)[0m   [0mINSERT INTO schema_migrations (version) VALUES ('20100915044229')[0m
  [4;36;1mSQL (2.9ms)[0m   [0;1mCOMMIT[0m
  [4;35;1mSQL (0.9ms)[0m   [0mSELECT version FROM schema_migrations[0m
  [4;36;1mSQL (0.6ms)[0m   [0;1mSET client_min_messages TO 'panic'[0m
  [4;35;1mSQL (0.5ms)[0m   [0mSET client_min_messages TO 'notice'[0m


Processing TimeBoxesController#index (for 127.0.0.1 at 2010-09-15 14:46:12) [GET]
  [4;36;1mTimeBox Load (2.5ms)[0m   [0;1mSELECT * FROM "time_boxes" [0m
Rendering template within layouts/time_boxes
Rendering time_boxes/index
Completed in 158ms (View: 127, DB: 4) | 200 OK [http://0.0.0.0/time_boxes]
  [4;35;1mSQL (0.4ms)[0m   [0mSET client_min_messages TO 'panic'[0m
  [4;36;1mSQL (0.4ms)[0m   [0;1mSET client_min_messages TO 'notice'[0m


Processing TimeBoxesController#new (for 127.0.0.1 at 2010-09-15 14:46:14) [GET]
Rendering template within layouts/time_boxes
Rendering time_boxes/new
  [4;35;1mProject Load (2.2ms)[0m   [0mSELECT * FROM "projects" [0m
Rendered time_boxes/_form (98.7ms)
Completed in 138ms (View: 116, DB: 3) | 200 OK [http://0.0.0.0/time_boxes/new]
  [4;36;1mSQL (0.4ms)[0m   [0;1mSET client_min_messages TO 'panic'[0m
  [4;35;1mSQL (0.4ms)[0m   [0mSET client_min_messages TO 'notice'[0m


Processing TimeBoxesController#create (for 127.0.0.1 at 2010-09-15 14:46:25) [POST]
  Parameters: {"commit"=>"Create", "authenticity_token"=>"iOR/D3bkJQdO0AX7K9sGb9XnvpOZ33l3jxssvft/v1k=", "time_box"=>{"highlights"=>"weeeeee was fun", "name"=>"Testy", "project_id"=>"1"}}
  [4;36;1mSQL (0.4ms)[0m   [0;1mBEGIN[0m
  [4;35;1mSQL (21.4ms)[0m   [0mINSERT INTO "time_boxes" ("name", "highlights", "created_at", "project_id", "updated_at") VALUES(E'Testy', E'weeeeee was fun', '2010-09-15 04:46:25.784571', 1, '2010-09-15 04:46:25.784571') RETURNING "id"[0m
  [4;36;1mSQL (1.8ms)[0m   [0;1mCOMMIT[0m
Redirected to http://0.0.0.0:3000/time_boxes/1
Completed in 58ms (DB: 24) | 302 Found [http://0.0.0.0/time_boxes]
  [4;35;1mSQL (0.5ms)[0m   [0mSET client_min_messages TO 'panic'[0m
  [4;36;1mSQL (0.4ms)[0m   [0;1mSET client_min_messages TO 'notice'[0m


Processing TimeBoxesController#show (for 127.0.0.1 at 2010-09-15 14:46:25) [GET]
  Parameters: {"id"=>"1"}
  [4;35;1mTimeBox Load (2.0ms)[0m   [0mSELECT * FROM "time_boxes" WHERE ("time_boxes"."id" = 1) [0m
Rendering template within layouts/time_boxes
Rendering time_boxes/show
  [4;36;1mProject Load (1.8ms)[0m   [0;1mSELECT * FROM "projects" WHERE ("projects"."id" = 1) [0m
Completed in 52ms (View: 27, DB: 5) | 200 OK [http://0.0.0.0/time_boxes/1]
  [4;35;1mSQL (0.4ms)[0m   [0mSET client_min_messages TO 'panic'[0m
  [4;36;1mSQL (0.4ms)[0m   [0;1mSET client_min_messages TO 'notice'[0m


Processing TimeBoxesController#index (for 127.0.0.1 at 2010-09-15 14:46:32) [GET]
  [4;35;1mTimeBox Load (2.8ms)[0m   [0mSELECT * FROM "time_boxes" [0m
Rendering template within layouts/time_boxes
Rendering time_boxes/index
  [4;36;1mProject Load (1.7ms)[0m   [0;1mSELECT * FROM "projects" WHERE ("projects"."id" = 1) [0m
Completed in 50ms (View: 31, DB: 5) | 200 OK [http://0.0.0.0/time_boxes]
  [4;35;1mSQL (0.6ms)[0m   [0mSET client_min_messages TO 'panic'[0m
  [4;36;1mSQL (0.4ms)[0m   [0;1mSET client_min_messages TO 'notice'[0m


Processing ApplicationController#index (for 127.0.0.1 at 2010-09-15 14:54:04) [GET]

ActionController::RoutingError (No route matches "/projects" with {:method=>:get}):
  

Rendering rescues/layout (not_found)
  [4;36;1mSQL (0.4ms)[0m   [0;1mSET client_min_messages TO 'panic'[0m
  [4;35;1mSQL (0.4ms)[0m   [0mSET client_min_messages TO 'notice'[0m


Processing ApplicationController#index (for 127.0.0.1 at 2010-09-15 14:54:55) [GET]

ActionController::RoutingError (No route matches "/projects" with {:method=>:get}):
  

Rendering rescues/layout (not_found)
  [4;36;1mSQL (0.4ms)[0m   [0;1mSET client_min_messages TO 'panic'[0m
  [4;35;1mSQL (0.4ms)[0m   [0mSET client_min_messages TO 'notice'[0m


Processing TimeBoxesController#index (for 127.0.0.1 at 2010-09-15 14:55:01) [GET]
  [4;36;1mTimeBox Load (2.8ms)[0m   [0;1mSELECT * FROM "time_boxes" [0m
Rendering template within layouts/time_boxes
Rendering time_boxes/index
  [4;35;1mProject Load (2.0ms)[0m   [0mSELECT * FROM "projects" WHERE ("projects"."id" = 1) [0m
Completed in 197ms (View: 164, DB: 6) | 200 OK [http://0.0.0.0/time_boxes]
  [4;36;1mSQL (0.4ms)[0m   [0;1mSET client_min_messages TO 'panic'[0m
  [4;35;1mSQL (0.4ms)[0m   [0mSET client_min_messages TO 'notice'[0m
  [4;36;1mSQL (1.1ms)[0m   [0;1mSELECT version FROM schema_migrations[0m
Migrating to CreateProjects (20100915043519)
Migrating to CreateTimeBoxes (20100915044229)
  [4;35;1mSQL (0.9ms)[0m   [0mSELECT version FROM schema_migrations[0m
  [4;36;1mSQL (0.5ms)[0m   [0;1mSET client_min_messages TO 'panic'[0m
  [4;35;1mSQL (0.4ms)[0m   [0mSET client_min_messages TO 'notice'[0m


Processing ApplicationController#index (for 127.0.0.1 at 2010-09-15 15:01:18) [GET]

ActionController::RoutingError (No route matches "/time_box/1" with {:method=>:get}):
  

Rendering rescues/layout (not_found)
  [4;36;1mSQL (0.4ms)[0m   [0;1mSET client_min_messages TO 'panic'[0m
  [4;35;1mSQL (0.4ms)[0m   [0mSET client_min_messages TO 'notice'[0m


Processing TimeBoxesController#show (for 127.0.0.1 at 2010-09-15 15:01:21) [GET]
  Parameters: {"id"=>"1"}
  [4;36;1mTimeBox Load (2.0ms)[0m   [0;1mSELECT * FROM "time_boxes" WHERE ("time_boxes"."id" = 1) [0m
Rendering template within layouts/time_boxes
Rendering time_boxes/show
  [4;35;1mProject Load (1.7ms)[0m   [0mSELECT * FROM "projects" WHERE ("projects"."id" = 1) [0m
Completed in 64ms (View: 38, DB: 4) | 200 OK [http://0.0.0.0/time_boxes/1]
  [4;36;1mSQL (0.4ms)[0m   [0;1mSET client_min_messages TO 'panic'[0m
  [4;35;1mSQL (0.3ms)[0m   [0mSET client_min_messages TO 'notice'[0m


Processing TimeBoxesController#show to pdf (for 127.0.0.1 at 2010-09-15 15:01:25) [GET]
  Parameters: {"id"=>"1"}
  [4;36;1mTimeBox Load (2.0ms)[0m   [0;1mSELECT * FROM "time_boxes" WHERE ("time_boxes"."id" = 1) [0m

ActionView::MissingTemplate (Missing template time_boxes/show.erb in view path app/views):
  app/controllers/time_boxes_controller.rb:21:in `show'
  app/controllers/time_boxes_controller.rb:18:in `show'

Rendering rescues/layout (internal_server_error)
  [4;35;1mSQL (0.4ms)[0m   [0mSET client_min_messages TO 'panic'[0m
  [4;36;1mSQL (0.3ms)[0m   [0;1mSET client_min_messages TO 'notice'[0m


Processing TimeBoxesController#show to pdf (for 127.0.0.1 at 2010-09-15 15:03:47) [GET]
  Parameters: {"id"=>"1"}
  [4;35;1mTimeBox Load (2.8ms)[0m   [0mSELECT * FROM "time_boxes" WHERE ("time_boxes"."id" = 1) [0m
Rendering time_boxes/show
Completed in 396ms (View: 370, DB: 4) | 200 OK [http://0.0.0.0/time_boxes/1.pdf]
  [4;36;1mSQL (0.4ms)[0m   [0;1mSET client_min_messages TO 'panic'[0m
  [4;35;1mSQL (0.4ms)[0m   [0mSET client_min_messages TO 'notice'[0m


Processing TimeBoxesController#show (for 127.0.0.1 at 2010-09-15 15:05:25) [GET]
  Parameters: {"id"=>"1"}
  [4;36;1mTimeBox Load (2.0ms)[0m   [0;1mSELECT * FROM "time_boxes" WHERE ("time_boxes"."id" = 1) [0m
Rendering template within layouts/time_boxes
Rendering time_boxes/show
  [4;35;1mProject Load (1.7ms)[0m   [0mSELECT * FROM "projects" WHERE ("projects"."id" = 1) [0m
Completed in 44ms (View: 19, DB: 4) | 200 OK [http://0.0.0.0/time_boxes/1]
  [4;36;1mSQL (0.4ms)[0m   [0;1mSET client_min_messages TO 'panic'[0m
  [4;35;1mSQL (0.4ms)[0m   [0mSET client_min_messages TO 'notice'[0m


Processing TimeBoxesController#show to pdf (for 127.0.0.1 at 2010-09-15 15:05:29) [GET]
  Parameters: {"id"=>"1"}
  [4;36;1mTimeBox Load (1.9ms)[0m   [0;1mSELECT * FROM "time_boxes" WHERE ("time_boxes"."id" = 1) [0m
Rendering time_boxes/show
Completed in 297ms (View: 274, DB: 3) | 200 OK [http://0.0.0.0/time_boxes/1.pdf]
  [4;35;1mSQL (0.4ms)[0m   [0mSET client_min_messages TO 'panic'[0m
  [4;36;1mSQL (0.4ms)[0m   [0;1mSET client_min_messages TO 'notice'[0m


Processing TimeBoxesController#show to pdf (for 127.0.0.1 at 2010-09-15 15:06:31) [GET]
  Parameters: {"id"=>"1"}
  [4;35;1mTimeBox Load (2.0ms)[0m   [0mSELECT * FROM "time_boxes" WHERE ("time_boxes"."id" = 1) [0m
Rendering time_boxes/show
  [4;36;1mProject Load (1.7ms)[0m   [0;1mSELECT * FROM "projects" WHERE ("projects"."id" = 1) [0m
Completed in 314ms (View: 289, DB: 4) | 200 OK [http://0.0.0.0/time_boxes/1.pdf]
  [4;35;1mSQL (0.4ms)[0m   [0mSET client_min_messages TO 'panic'[0m
  [4;36;1mSQL (0.4ms)[0m   [0;1mSET client_min_messages TO 'notice'[0m


Processing TimeBoxesController#show to pdf (for 127.0.0.1 at 2010-09-15 15:11:21) [GET]
  Parameters: {"id"=>"1"}
  [4;35;1mTimeBox Load (2.0ms)[0m   [0mSELECT * FROM "time_boxes" WHERE ("time_boxes"."id" = 1) [0m
Rendering time_boxes/show
  [4;36;1mProject Load (1.7ms)[0m   [0;1mSELECT * FROM "projects" WHERE ("projects"."id" = 1) [0m
Completed in 619ms (View: 593, DB: 4) | 200 OK [http://0.0.0.0/time_boxes/1.pdf]
  [4;35;1mSQL (0.4ms)[0m   [0mSET client_min_messages TO 'panic'[0m
  [4;36;1mSQL (0.4ms)[0m   [0;1mSET client_min_messages TO 'notice'[0m


Processing TimeBoxesController#show to pdf (for 127.0.0.1 at 2010-09-15 15:16:46) [GET]
  Parameters: {"id"=>"1"}
  [4;35;1mTimeBox Load (2.0ms)[0m   [0mSELECT * FROM "time_boxes" WHERE ("time_boxes"."id" = 1) [0m
Rendering time_boxes/show

ActionView::TemplateError (undefined method `bounding_box' for #<ActionView::Base:0x2af5404>) on line #3 of app/views/time_boxes/show.pdf.prawn:
1: pdf.text "Time Box: #{@time_box.name}", :size => 16, :style => :bold, :spacing => 4
2: 
3: bounding_box [100,600], :width => 200 do
4:     move_down 10
5:     text "The rain in spain falls mainly on the plains " * 5
6:     move_down 20

    app/views/time_boxes/show.pdf.prawn:3:in `_run_prawn_app47views47time_boxes47show46pdf46prawn'
    app/controllers/time_boxes_controller.rb:21:in `show'
    app/controllers/time_boxes_controller.rb:18:in `show'

Rendered rescues/_trace (85.9ms)
Rendered rescues/_request_and_response (2.5ms)
Rendering rescues/layout (internal_server_error)
  [4;36;1mSQL (0.4ms)[0m   [0;1mSET client_min_messages TO 'panic'[0m
  [4;35;1mSQL (0.4ms)[0m   [0mSET client_min_messages TO 'notice'[0m


Processing TimeBoxesController#show to pdf (for 127.0.0.1 at 2010-09-15 15:17:59) [GET]
  Parameters: {"id"=>"1"}
  [4;36;1mTimeBox Load (2.0ms)[0m   [0;1mSELECT * FROM "time_boxes" WHERE ("time_boxes"."id" = 1) [0m
Rendering time_boxes/show

ActionView::TemplateError (undefined method `bounding_box' for #<ActionView::Base:0x2d6b1e8>) on line #3 of app/views/time_boxes/show.pdf.prawn:
1: pdf.text "Time Box: #{@time_box.name}", :size => 16, :style => :bold, :spacing => 4
2: 
3: bounding_box [100,600], :width => 200 do
4:     move_down 10
5:     text "The rain in spain falls mainly on the plains " * 5
6:     move_down 20

    app/views/time_boxes/show.pdf.prawn:3:in `_run_prawn_app47views47time_boxes47show46pdf46prawn'
    app/controllers/time_boxes_controller.rb:23:in `show'
    app/controllers/time_boxes_controller.rb:20:in `show'

Rendered rescues/_trace (155.5ms)
Rendered rescues/_request_and_response (0.6ms)
Rendering rescues/layout (internal_server_error)
  [4;35;1mSQL (0.4ms)[0m   [0mSET client_min_messages TO 'panic'[0m
  [4;36;1mSQL (0.4ms)[0m   [0;1mSET client_min_messages TO 'notice'[0m


Processing TimeBoxesController#show to pdf (for 127.0.0.1 at 2010-09-15 15:18:18) [GET]
  Parameters: {"id"=>"1"}
  [4;35;1mTimeBox Load (1.9ms)[0m   [0mSELECT * FROM "time_boxes" WHERE ("time_boxes"."id" = 1) [0m
Rendering time_boxes/show
  [4;36;1mProject Load (1.7ms)[0m   [0;1mSELECT * FROM "projects" WHERE ("projects"."id" = 1) [0m
Completed in 554ms (View: 530, DB: 4) | 200 OK [http://0.0.0.0/time_boxes/1.pdf]
  [4;35;1mSQL (0.4ms)[0m   [0mSET client_min_messages TO 'panic'[0m
  [4;36;1mSQL (0.4ms)[0m   [0;1mSET client_min_messages TO 'notice'[0m


Processing TimeBoxesController#show to pdf (for 127.0.0.1 at 2010-09-15 15:20:08) [GET]
  Parameters: {"id"=>"1"}
  [4;35;1mTimeBox Load (2.0ms)[0m   [0mSELECT * FROM "time_boxes" WHERE ("time_boxes"."id" = 1) [0m
Rendering time_boxes/show

ActionView::TemplateError (undefined method `bounding_box' for #<ActionView::Base:0x2b780c0>) on line #2 of app/views/time_boxes/show.pdf.prawn:
1: pdf.text "Time Box: #{@time_box.name}", :size => 16, :style => :bold, :spacing => 4
2: bounding_box [100,600], :width => 200 do
3:     move_down 10
4:     text "The rain in spain falls mainly on the plains " * 5
5:     move_down 20

    app/views/time_boxes/show.pdf.prawn:2:in `_run_prawn_app47views47time_boxes47show46pdf46prawn'
    app/controllers/time_boxes_controller.rb:23:in `show'
    app/controllers/time_boxes_controller.rb:20:in `show'

Rendered rescues/_trace (160.9ms)
Rendered rescues/_request_and_response (0.6ms)
Rendering rescues/layout (internal_server_error)
  [4;36;1mSQL (0.4ms)[0m   [0;1mSET client_min_messages TO 'panic'[0m
  [4;35;1mSQL (0.4ms)[0m   [0mSET client_min_messages TO 'notice'[0m


Processing TimeBoxesController#show to pdf (for 127.0.0.1 at 2010-09-15 15:25:25) [GET]
  Parameters: {"id"=>"1"}
  [4;36;1mTimeBox Load (2.0ms)[0m   [0;1mSELECT * FROM "time_boxes" WHERE ("time_boxes"."id" = 1) [0m
Rendering time_boxes/show
  [4;35;1mProject Load (1.7ms)[0m   [0mSELECT * FROM "projects" WHERE ("projects"."id" = 1) [0m
Completed in 549ms (View: 525, DB: 4) | 200 OK [http://0.0.0.0/time_boxes/1.pdf]
  [4;36;1mSQL (0.4ms)[0m   [0;1mSET client_min_messages TO 'panic'[0m
  [4;35;1mSQL (0.4ms)[0m   [0mSET client_min_messages TO 'notice'[0m


Processing TimeBoxesController#show to pdf (for 127.0.0.1 at 2010-09-15 15:26:48) [GET]
  Parameters: {"id"=>"1"}
  [4;36;1mTimeBox Load (1.9ms)[0m   [0;1mSELECT * FROM "time_boxes" WHERE ("time_boxes"."id" = 1) [0m
Rendering time_boxes/show
  [4;35;1mProject Load (1.7ms)[0m   [0mSELECT * FROM "projects" WHERE ("projects"."id" = 1) [0m
Completed in 642ms (View: 617, DB: 4) | 200 OK [http://0.0.0.0/time_boxes/1.pdf]
  [4;36;1mSQL (0.4ms)[0m   [0;1mSET client_min_messages TO 'panic'[0m
  [4;35;1mSQL (0.4ms)[0m   [0mSET client_min_messages TO 'notice'[0m


Processing TimeBoxesController#show to pdf (for 127.0.0.1 at 2010-09-15 15:27:30) [GET]
  Parameters: {"id"=>"1"}
  [4;36;1mTimeBox Load (2.0ms)[0m   [0;1mSELECT * FROM "time_boxes" WHERE ("time_boxes"."id" = 1) [0m
Rendering time_boxes/show

ActionView::TemplateError (undefined method `horizontal_line' for #<ActionView::Base:0x2e193ec>) on line #4 of app/views/time_boxes/show.pdf.prawn:
1: pdf.text "Time Box: #{@time_box.name}", :size => 16, :style => :bold, :spacing => 4
2: pdf.curve [50,100], [100,100], :bounds => [[90,90],[75,75]]
3: 
4: horizontal_line 25, 100, :at => 75  
5: pdf.curve_to [100,100], :bounds => [[90,90],[75,75]]
6: 
7: pdf.text "Project: #{@time_box.project_name}"

    app/views/time_boxes/show.pdf.prawn:4:in `_run_prawn_app47views47time_boxes47show46pdf46prawn'
    app/controllers/time_boxes_controller.rb:23:in `show'
    app/controllers/time_boxes_controller.rb:20:in `show'

Rendered rescues/_trace (82.1ms)
Rendered rescues/_request_and_response (0.6ms)
Rendering rescues/layout (internal_server_error)
  [4;35;1mSQL (0.4ms)[0m   [0mSET client_min_messages TO 'panic'[0m
  [4;36;1mSQL (0.4ms)[0m   [0;1mSET client_min_messages TO 'notice'[0m


Processing TimeBoxesController#show to pdf (for 127.0.0.1 at 2010-09-15 15:27:38) [GET]
  Parameters: {"id"=>"1"}
  [4;35;1mTimeBox Load (1.9ms)[0m   [0mSELECT * FROM "time_boxes" WHERE ("time_boxes"."id" = 1) [0m
Rendering time_boxes/show
  [4;36;1mProject Load (1.7ms)[0m   [0;1mSELECT * FROM "projects" WHERE ("projects"."id" = 1) [0m
Completed in 624ms (View: 600, DB: 4) | 200 OK [http://0.0.0.0/time_boxes/1.pdf]
  [4;35;1mSQL (0.4ms)[0m   [0mSET client_min_messages TO 'panic'[0m
  [4;36;1mSQL (0.3ms)[0m   [0;1mSET client_min_messages TO 'notice'[0m


Processing TimeBoxesController#show (for 127.0.0.1 at 2010-09-15 15:27:55) [GET]
  Parameters: {"id"=>"1"}
  [4;35;1mTimeBox Load (2.0ms)[0m   [0mSELECT * FROM "time_boxes" WHERE ("time_boxes"."id" = 1) [0m
Rendering template within layouts/time_boxes
Rendering time_boxes/show
  [4;36;1mProject Load (1.8ms)[0m   [0;1mSELECT * FROM "projects" WHERE ("projects"."id" = 1) [0m
Completed in 44ms (View: 19, DB: 5) | 200 OK [http://0.0.0.0/time_boxes/1]
  [4;35;1mSQL (0.4ms)[0m   [0mSET client_min_messages TO 'panic'[0m
  [4;36;1mSQL (0.4ms)[0m   [0;1mSET client_min_messages TO 'notice'[0m


Processing TimeBoxesController#show (for 127.0.0.1 at 2010-09-15 15:28:31) [GET]
  Parameters: {"id"=>"1"}
  [4;35;1mTimeBox Load (2.1ms)[0m   [0mSELECT * FROM "time_boxes" WHERE ("time_boxes"."id" = 1) [0m
Rendering template within layouts/time_boxes
Rendering time_boxes/show
  [4;36;1mProject Load (1.7ms)[0m   [0;1mSELECT * FROM "projects" WHERE ("projects"."id" = 1) [0m
Completed in 44ms (View: 19, DB: 4) | 200 OK [http://0.0.0.0/time_boxes/1]
  [4;35;1mSQL (0.4ms)[0m   [0mSET client_min_messages TO 'panic'[0m
  [4;36;1mSQL (0.4ms)[0m   [0;1mSET client_min_messages TO 'notice'[0m


Processing TimeBoxesController#show to pdf (for 127.0.0.1 at 2010-09-15 15:28:35) [GET]
  Parameters: {"id"=>"1"}
  [4;35;1mTimeBox Load (2.0ms)[0m   [0mSELECT * FROM "time_boxes" WHERE ("time_boxes"."id" = 1) [0m
Rendering time_boxes/show
  [4;36;1mProject Load (1.7ms)[0m   [0;1mSELECT * FROM "projects" WHERE ("projects"."id" = 1) [0m
Completed in 555ms (View: 530, DB: 4) | 200 OK [http://0.0.0.0/time_boxes/1.pdf]
  [4;35;1mSQL (0.4ms)[0m   [0mSET client_min_messages TO 'panic'[0m
  [4;36;1mSQL (0.4ms)[0m   [0;1mSET client_min_messages TO 'notice'[0m


Processing TimeBoxesController#show to pdf (for 127.0.0.1 at 2010-09-15 15:28:58) [GET]
  Parameters: {"id"=>"1"}
  [4;35;1mTimeBox Load (2.0ms)[0m   [0mSELECT * FROM "time_boxes" WHERE ("time_boxes"."id" = 1) [0m
Rendering time_boxes/show
  [4;36;1mProject Load (1.6ms)[0m   [0;1mSELECT * FROM "projects" WHERE ("projects"."id" = 1) [0m
Completed in 626ms (View: 601, DB: 4) | 200 OK [http://0.0.0.0/time_boxes/1.pdf]
  [4;35;1mSQL (0.4ms)[0m   [0mSET client_min_messages TO 'panic'[0m
  [4;36;1mSQL (0.4ms)[0m   [0;1mSET client_min_messages TO 'notice'[0m


Processing TimeBoxesController#show to pdf (for 127.0.0.1 at 2010-09-15 15:30:11) [GET]
  Parameters: {"id"=>"1"}
  [4;35;1mTimeBox Load (2.5ms)[0m   [0mSELECT * FROM "time_boxes" WHERE ("time_boxes"."id" = 1) [0m
Rendering time_boxes/show
  [4;36;1mProject Load (1.7ms)[0m   [0;1mSELECT * FROM "projects" WHERE ("projects"."id" = 1) [0m
Completed in 566ms (View: 537, DB: 5) | 200 OK [http://0.0.0.0/time_boxes/1.pdf]
  [4;35;1mSQL (0.4ms)[0m   [0mSET client_min_messages TO 'panic'[0m
  [4;36;1mSQL (0.4ms)[0m   [0;1mSET client_min_messages TO 'notice'[0m


Processing TimeBoxesController#show to pdf (for 127.0.0.1 at 2010-09-15 15:40:24) [GET]
  Parameters: {"id"=>"1"}
  [4;35;1mTimeBox Load (2.1ms)[0m   [0mSELECT * FROM "time_boxes" WHERE ("time_boxes"."id" = 1) [0m
Rendering time_boxes/show
  [4;36;1mProject Load (1.7ms)[0m   [0;1mSELECT * FROM "projects" WHERE ("projects"."id" = 1) [0m
Completed in 551ms (View: 527, DB: 5) | 200 OK [http://0.0.0.0/time_boxes/1.pdf]
  [4;36;1mSQL (0.4ms)[0m   [0;1mSET client_min_messages TO 'panic'[0m
  [4;35;1mSQL (0.4ms)[0m   [0mSET client_min_messages TO 'notice'[0m


Processing TimeBoxesController#show (for 127.0.0.1 at 2010-09-15 16:15:35) [GET]
  Parameters: {"id"=>"1"}
  [4;36;1mTimeBox Load (2.0ms)[0m   [0;1mSELECT * FROM "time_boxes" WHERE ("time_boxes"."id" = 1) [0m
Rendering template within layouts/time_boxes
Rendering time_boxes/show
  [4;35;1mProject Load (1.9ms)[0m   [0mSELECT * FROM "projects" WHERE ("projects"."id" = 1) [0m
Completed in 142ms (View: 92, DB: 5) | 200 OK [http://0.0.0.0/time_boxes/1]
  [4;36;1mSQL (0.4ms)[0m   [0;1mSET client_min_messages TO 'panic'[0m
  [4;35;1mSQL (0.4ms)[0m   [0mSET client_min_messages TO 'notice'[0m


Processing TimeBoxesController#show to pdf (for 127.0.0.1 at 2010-09-15 16:15:38) [GET]
  Parameters: {"id"=>"1"}
  [4;36;1mTimeBox Load (2.2ms)[0m   [0;1mSELECT * FROM "time_boxes" WHERE ("time_boxes"."id" = 1) [0m
Rendering time_boxes/show
  [4;35;1mProject Load (1.7ms)[0m   [0mSELECT * FROM "projects" WHERE ("projects"."id" = 1) [0m
Completed in 689ms (View: 617, DB: 5) | 200 OK [http://0.0.0.0/time_boxes/1.pdf]
  [4;36;1mSQL (0.4ms)[0m   [0;1mSET client_min_messages TO 'panic'[0m
  [4;35;1mSQL (0.4ms)[0m   [0mSET client_min_messages TO 'notice'[0m


Processing TimeBoxesController#show to pdf (for 127.0.0.1 at 2010-09-15 16:30:47) [GET]
  Parameters: {"id"=>"1"}
  [4;36;1mTimeBox Load (1.9ms)[0m   [0;1mSELECT * FROM "time_boxes" WHERE ("time_boxes"."id" = 1) [0m
Rendering time_boxes/show

ActionView::TemplateError (undefined method `line' for #<ActionView::Base:0x2c56fc8>) on line #2 of app/views/time_boxes/show.pdf.prawn:
1: pdf.text "Time Box: #{@time_box.name}", :size => 16, :style => :bold, :spacing => 4
2: pdf.stroke{line([0,0], [50,50])}
3: pdf.circle_at [100,100], :radius => 25
4: pdf.circle_at [0,0], :radius => 2
5: pdf.curve [50,100], [100,100], :bounds => [[90,90],[75,75]]

    app/views/time_boxes/show.pdf.prawn:2:in `_run_prawn_app47views47time_boxes47show46pdf46prawn'
    /usr/local/lib/ruby/gems/1.8/gems/prawn-core-0.8.4/lib/prawn/graphics.rb:270:in `stroke'
    app/views/time_boxes/show.pdf.prawn:2:in `_run_prawn_app47views47time_boxes47show46pdf46prawn'
    app/controllers/time_boxes_controller.rb:23:in `show'
    app/controllers/time_boxes_controller.rb:20:in `show'

Rendered rescues/_trace (160.8ms)
Rendered rescues/_request_and_response (2.5ms)
Rendering rescues/layout (internal_server_error)
  [4;35;1mSQL (0.4ms)[0m   [0mSET client_min_messages TO 'panic'[0m
  [4;36;1mSQL (0.4ms)[0m   [0;1mSET client_min_messages TO 'notice'[0m


Processing TimeBoxesController#show to pdf (for 127.0.0.1 at 2010-09-15 16:31:08) [GET]
  Parameters: {"id"=>"1"}
  [4;35;1mTimeBox Load (2.0ms)[0m   [0mSELECT * FROM "time_boxes" WHERE ("time_boxes"."id" = 1) [0m
Rendering time_boxes/show
  [4;36;1mProject Load (1.6ms)[0m   [0;1mSELECT * FROM "projects" WHERE ("projects"."id" = 1) [0m
Completed in 557ms (View: 531, DB: 4) | 200 OK [http://0.0.0.0/time_boxes/1.pdf]
  [4;35;1mSQL (0.4ms)[0m   [0mSET client_min_messages TO 'panic'[0m
  [4;36;1mSQL (0.4ms)[0m   [0;1mSET client_min_messages TO 'notice'[0m


Processing TimeBoxesController#show to pdf (for 127.0.0.1 at 2010-09-15 16:32:45) [GET]
  Parameters: {"id"=>"1"}
  [4;35;1mTimeBox Load (2.0ms)[0m   [0mSELECT * FROM "time_boxes" WHERE ("time_boxes"."id" = 1) [0m
Rendering time_boxes/show
  [4;36;1mProject Load (1.7ms)[0m   [0;1mSELECT * FROM "projects" WHERE ("projects"."id" = 1) [0m
Completed in 549ms (View: 524, DB: 4) | 200 OK [http://0.0.0.0/time_boxes/1.pdf]
  [4;35;1mSQL (0.4ms)[0m   [0mSET client_min_messages TO 'panic'[0m
  [4;36;1mSQL (0.4ms)[0m   [0;1mSET client_min_messages TO 'notice'[0m


Processing TimeBoxesController#show to pdf (for 127.0.0.1 at 2010-09-15 16:33:46) [GET]
  Parameters: {"id"=>"1"}
  [4;35;1mTimeBox Load (2.1ms)[0m   [0mSELECT * FROM "time_boxes" WHERE ("time_boxes"."id" = 1) [0m
Rendering time_boxes/show
  [4;36;1mProject Load (1.7ms)[0m   [0;1mSELECT * FROM "projects" WHERE ("projects"."id" = 1) [0m
Completed in 629ms (View: 604, DB: 5) | 200 OK [http://0.0.0.0/time_boxes/1.pdf]
  [4;35;1mSQL (0.4ms)[0m   [0mSET client_min_messages TO 'panic'[0m
  [4;36;1mSQL (0.4ms)[0m   [0;1mSET client_min_messages TO 'notice'[0m


Processing TimeBoxesController#show to pdf (for 127.0.0.1 at 2010-09-15 16:34:18) [GET]
  Parameters: {"id"=>"1"}
  [4;35;1mTimeBox Load (2.0ms)[0m   [0mSELECT * FROM "time_boxes" WHERE ("time_boxes"."id" = 1) [0m
Rendering time_boxes/show
  [4;36;1mProject Load (1.7ms)[0m   [0;1mSELECT * FROM "projects" WHERE ("projects"."id" = 1) [0m
Completed in 551ms (View: 527, DB: 4) | 200 OK [http://0.0.0.0/time_boxes/1.pdf]
  [4;35;1mSQL (0.4ms)[0m   [0mSET client_min_messages TO 'panic'[0m
  [4;36;1mSQL (0.4ms)[0m   [0;1mSET client_min_messages TO 'notice'[0m


Processing TimeBoxesController#show to pdf (for 127.0.0.1 at 2010-09-15 16:34:50) [GET]
  Parameters: {"id"=>"1"}
  [4;35;1mTimeBox Load (2.0ms)[0m   [0mSELECT * FROM "time_boxes" WHERE ("time_boxes"."id" = 1) [0m
Rendering time_boxes/show
  [4;36;1mProject Load (2.0ms)[0m   [0;1mSELECT * FROM "projects" WHERE ("projects"."id" = 1) [0m
Completed in 633ms (View: 607, DB: 5) | 200 OK [http://0.0.0.0/time_boxes/1.pdf]
